Performing C++ SOURCE FILE Test YACMA_CHECK_DEBUG_CXX_FLAG::-pedantic-errors failed with the following output:
Change Dir: /scratch/zcapatti/drell_yan_2/mppp-0.26/CMakeFiles/CMakeTmp

Run Build Command(s):/usr/bin/make cmTC_ab1b5/fast && /usr/bin/make -f CMakeFiles/cmTC_ab1b5.dir/build.make CMakeFiles/cmTC_ab1b5.dir/build
make[1]: Entering directory '/scratch/zcapatti/drell_yan_2/mppp-0.26/CMakeFiles/CMakeTmp'
Building CXX object CMakeFiles/cmTC_ab1b5.dir/src.cxx.o
/usr/bin/c++    -DYACMA_CHECK_DEBUG_CXX_FLAG::-pedantic-errors   -pedantic-errors -o CMakeFiles/cmTC_ab1b5.dir/src.cxx.o -c /scratch/zcapatti/drell_yan_2/mppp-0.26/CMakeFiles/CMakeTmp/src.cxx
<command-line>: error: ISO C++11 requires whitespace after the macro name
make[1]: *** [CMakeFiles/cmTC_ab1b5.dir/build.make:66: CMakeFiles/cmTC_ab1b5.dir/src.cxx.o] Error 1
make[1]: Leaving directory '/scratch/zcapatti/drell_yan_2/mppp-0.26/CMakeFiles/CMakeTmp'
make: *** [Makefile:121: cmTC_ab1b5/fast] Error 2


Source file was:
int main() { return 0; }
Determining if the mpfr_get_str_ndigits exist failed with the following output:
Change Dir: /scratch/zcapatti/drell_yan_2/mppp-0.26/CMakeFiles/CMakeTmp

Run Build Command(s):/usr/bin/make cmTC_6111c/fast && /usr/bin/make -f CMakeFiles/cmTC_6111c.dir/build.make CMakeFiles/cmTC_6111c.dir/build
make[1]: Entering directory '/scratch/zcapatti/drell_yan_2/mppp-0.26/CMakeFiles/CMakeTmp'
Building C object CMakeFiles/cmTC_6111c.dir/CheckSymbolExists.c.o
/usr/bin/cc    -o CMakeFiles/cmTC_6111c.dir/CheckSymbolExists.c.o   -c /scratch/zcapatti/drell_yan_2/mppp-0.26/CMakeFiles/CMakeTmp/CheckSymbolExists.c
/scratch/zcapatti/drell_yan_2/mppp-0.26/CMakeFiles/CMakeTmp/CheckSymbolExists.c: In function ‘main’:
/scratch/zcapatti/drell_yan_2/mppp-0.26/CMakeFiles/CMakeTmp/CheckSymbolExists.c:8:19: error: ‘mpfr_get_str_ndigits’ undeclared (first use in this function)
    8 |   return ((int*)(&mpfr_get_str_ndigits))[argc];
      |                   ^~~~~~~~~~~~~~~~~~~~
/scratch/zcapatti/drell_yan_2/mppp-0.26/CMakeFiles/CMakeTmp/CheckSymbolExists.c:8:19: note: each undeclared identifier is reported only once for each function it appears in
make[1]: *** [CMakeFiles/cmTC_6111c.dir/build.make:66: CMakeFiles/cmTC_6111c.dir/CheckSymbolExists.c.o] Error 1
make[1]: Leaving directory '/scratch/zcapatti/drell_yan_2/mppp-0.26/CMakeFiles/CMakeTmp'
make: *** [Makefile:121: cmTC_6111c/fast] Error 2


File /scratch/zcapatti/drell_yan_2/mppp-0.26/CMakeFiles/CMakeTmp/CheckSymbolExists.c:
/* */
#include <mpfr.h>

int main(int argc, char** argv)
{
  (void)argv;
#ifndef mpfr_get_str_ndigits
  return ((int*)(&mpfr_get_str_ndigits))[argc];
#else
  (void)argc;
  return 0;
#endif
}
